c:\users\antonios leisos\downloads\dso_site_save_pulses_1_hantek\debug\vcdso.bsc
c:\users\antonios leisos\downloads\dso_site_save_pulses_1_hantek\debug\vcdso.pch
c:\users\antonios leisos\downloads\dso_site_save_pulses_1_hantek\debug\vc143.pdb
c:\users\antonios leisos\downloads\dso_site_save_pulses_1_hantek\debug\vc143.idb
c:\users\antonios leisos\downloads\dso_site_save_pulses_1_hantek\debug\stdafx.sbr
c:\users\antonios leisos\downloads\dso_site_save_pulses_1_hantek\debug\stdafx.obj
c:\users\antonios leisos\downloads\dso_site_save_pulses_1_hantek\debug\vcdsoview.sbr
c:\users\antonios leisos\downloads\dso_site_save_pulses_1_hantek\debug\vcdsodoc.sbr
c:\users\antonios leisos\downloads\dso_site_save_pulses_1_hantek\debug\vcdso.sbr
c:\users\antonios leisos\downloads\dso_site_save_pulses_1_hantek\debug\mainfrm.sbr
c:\users\antonios leisos\downloads\dso_site_save_pulses_1_hantek\debug\hard.sbr
c:\users\antonios leisos\downloads\dso_site_save_pulses_1_hantek\debug\hard.obj
c:\users\antonios leisos\downloads\dso_site_save_pulses_1_hantek\debug\mainfrm.obj
c:\users\antonios leisos\downloads\dso_site_save_pulses_1_hantek\debug\vcdso.obj
c:\users\antonios leisos\downloads\dso_site_save_pulses_1_hantek\debug\vcdsodoc.obj
c:\users\antonios leisos\downloads\dso_site_save_pulses_1_hantek\debug\vcdsoview.obj
c:\users\antonios leisos\downloads\dso_site_save_pulses_1_hantek\debug\vcdso.ilk
c:\users\antonios leisos\downloads\dso_site_save_pulses_1_hantek\debug\vcdso.exe
c:\users\antonios leisos\downloads\dso_site_save_pulses_1_hantek\debug\vcdso.pdb
c:\users\antonios leisos\downloads\dso_site_save_pulses_1_hantek\debug\vcdso.res
c:\users\antonios leisos\downloads\dso_site_save_pulses_1_hantek\debug\vcdso.tlog\bscmake.command.1.tlog
c:\users\antonios leisos\downloads\dso_site_save_pulses_1_hantek\debug\vcdso.tlog\bscmake.read.1.tlog
c:\users\antonios leisos\downloads\dso_site_save_pulses_1_hantek\debug\vcdso.tlog\bscmake.write.1.tlog
c:\users\antonios leisos\downloads\dso_site_save_pulses_1_hantek\debug\vcdso.tlog\cl.command.1.tlog
c:\users\antonios leisos\downloads\dso_site_save_pulses_1_hantek\debug\vcdso.tlog\cl.read.1.tlog
c:\users\antonios leisos\downloads\dso_site_save_pulses_1_hantek\debug\vcdso.tlog\cl.write.1.tlog
c:\users\antonios leisos\downloads\dso_site_save_pulses_1_hantek\debug\vcdso.tlog\link.command.1.tlog
c:\users\antonios leisos\downloads\dso_site_save_pulses_1_hantek\debug\vcdso.tlog\link.read.1.tlog
c:\users\antonios leisos\downloads\dso_site_save_pulses_1_hantek\debug\vcdso.tlog\link.write.1.tlog
c:\users\antonios leisos\downloads\dso_site_save_pulses_1_hantek\debug\vcdso.tlog\rc.command.1.tlog
c:\users\antonios leisos\downloads\dso_site_save_pulses_1_hantek\debug\vcdso.tlog\rc.read.1.tlog
c:\users\antonios leisos\downloads\dso_site_save_pulses_1_hantek\debug\vcdso.tlog\rc.write.1.tlog
